<?xml version="1.0" encoding="UTF-8"?>
<testsuite name="com.naztech.naztechjdbc.NaztechJdbcApplicationTests" tests="1" skipped="0" failures="0" errors="0" timestamp="2023-06-24T11:35:41" hostname="jewel-Inspiron-15-3567" time="1.244">
  <properties/>
  <testcase name="contextLoads()" classname="com.naztech.naztechjdbc.NaztechJdbcApplicationTests" time="1.244"/>
  <system-out><![CDATA[17:35:38.685 [Test worker] INFO org.springframework.test.context.support.AnnotationConfigContextLoaderUtils -- Could not detect default configuration classes for test class [com.naztech.naztechjdbc.NaztechJdbcApplicationTests]: NaztechJdbcApplicationTests does not declare any static, non-private, non-final, nested classes annotated with @Configuration.
17:35:38.871 [Test worker] INFO org.springframework.boot.test.context.SpringBootTestContextBootstrapper -- Found @SpringBootConfiguration com.naztech.naztechjdbc.NaztechJdbcApplication for test class com.naztech.naztechjdbc.NaztechJdbcApplicationTests

  .   ____          _            __ _ _
 /\\ / ___'_ __ _ _(_)_ __  __ _ \ \ \ \
( ( )\___ | '_ | '_| | '_ \/ _` | \ \ \ \
 \\/  ___)| |_)| | | | | || (_| |  ) ) ) )
  '  |____| .__|_| |_|_| |_\__, | / / / /
 =========|_|==============|___/=/_/_/_/
 :: Spring Boot ::                (v3.1.0)

2023-06-24T17:35:39.519+06:00  INFO 50667 --- [    Test worker] c.n.n.NaztechJdbcApplicationTests        : Starting NaztechJdbcApplicationTests using Java 17.0.7 with PID 50667 (started by root in /home/jewel/Documents/JavaSpace/naztech-jdbc)
2023-06-24T17:35:39.522+06:00  INFO 50667 --- [    Test worker] c.n.n.NaztechJdbcApplicationTests        : No active profile set, falling back to 1 default profile: "default"
2023-06-24T17:35:41.382+06:00  INFO 50667 --- [    Test worker] c.n.n.NaztechJdbcApplicationTests        : Started NaztechJdbcApplicationTests in 2.302 seconds (process running for 4.018)
]]></system-out>
  <system-err><![CDATA[]]></system-err>
</testsuite>
